<?xml version="1.0" encoding="UTF-8"?>
<testng-results ignored="0" total="1" passed="1" failed="0" skipped="0">
  <reporter-output>
  </reporter-output>
  <suite started-at="2022-11-10T18:16:09 IST" name="Default suite" finished-at="2022-11-10T18:17:14 IST" duration-ms="65117">
    <groups>
    </groups>
    <test started-at="2022-11-10T18:16:09 IST" name="Default test" finished-at="2022-11-10T18:17:14 IST" duration-ms="65117">
      <class name="flipkart.test">
        <test-method signature="test1()[pri:0, instance:flipkart.test@294425a7]" started-at="2022-11-10T18:16:09 IST" name="test1" finished-at="2022-11-10T18:17:14 IST" duration-ms="65066" status="PASS">
          <reporter-output>
          </reporter-output>
        </test-method> <!-- test1 -->
      </class> <!-- flipkart.test -->
    </test> <!-- Default test -->
  </suite> <!-- Default suite -->
</testng-results>
